<?xml version="1.0" encoding="UTF-8"?>
<testng-results skipped="0" failed="0" total="2" passed="2">
  <reporter-output>
    <line>
      <![CDATA[验证在浏览器中，输入百度网站域名后，可以正常访问]]>
    </line>
    <line>
      <![CDATA[验证在百度主界面，搜索栏中输入自动化测试系统，点击回车按钮后，可以正常搜索出对应包含自动化测试系统的信息]]>
    </line>
  </reporter-output>
  <suite name="Default suite" duration-ms="14177" started-at="2018-12-04T03:56:59Z" finished-at="2018-12-04T03:57:13Z">
    <groups>
    </groups>
    <test name="Default test" duration-ms="14177" started-at="2018-12-04T03:56:59Z" finished-at="2018-12-04T03:57:13Z">
      <class name="TestCases.SearchProcess">
        <test-method status="PASS" signature="stup()[pri:0, instance:TestCases.SearchProcess@34cd072c]" name="stup" is-config="true" duration-ms="4699" started-at="2018-12-04T11:56:59Z" finished-at="2018-12-04T11:57:04Z">
          <reporter-output>
          </reporter-output>
        </test-method> <!-- stup -->
        <test-method status="PASS" signature="case1()[pri:0, instance:TestCases.SearchProcess@34cd072c]" name="case1" duration-ms="1203" started-at="2018-12-04T11:57:04Z" finished-at="2018-12-04T11:57:05Z">
          <reporter-output>
            <line>
              <![CDATA[验证在浏览器中，输入百度网站域名后，可以正常访问]]>
            </line>
          </reporter-output>
        </test-method> <!-- case1 -->
        <test-method status="PASS" signature="case2()[pri:0, instance:TestCases.SearchProcess@34cd072c]" name="case2" duration-ms="7263" started-at="2018-12-04T11:57:05Z" finished-at="2018-12-04T11:57:12Z">
          <reporter-output>
            <line>
              <![CDATA[验证在百度主界面，搜索栏中输入自动化测试系统，点击回车按钮后，可以正常搜索出对应包含自动化测试系统的信息]]>
            </line>
          </reporter-output>
        </test-method> <!-- case2 -->
        <test-method status="PASS" signature="TearDown()[pri:0, instance:TestCases.SearchProcess@34cd072c]" name="TearDown" is-config="true" duration-ms="998" started-at="2018-12-04T11:57:12Z" finished-at="2018-12-04T11:57:13Z">
          <reporter-output>
          </reporter-output>
        </test-method> <!-- TearDown -->
      </class> <!-- TestCases.SearchProcess -->
    </test> <!-- Default test -->
  </suite> <!-- Default suite -->
</testng-results>
